2025-06-15T23:46:32.872Z | Worker iuu83st5so | Task d3a023e9-a815-43e4-be95-a82d0ebed5c8 | SUCCESS | fsd
2025-06-15T23:46:33.377Z | Worker iuu83st5so | Task 5b216531-bc94-4c5a-806c-a42fc26d6ce5 | SUCCESS | fd
2025-06-15T23:46:34.894Z | Worker 7yxbbtxymo3 | Task f146c9f0-3c3b-433a-80f6-d5310b5a5c4b | SUCCESS | fds
2025-06-15T23:46:37.068Z | Worker 7yxbbtxymo3 | Task 16c56b0c-d8df-48a7-a600-6fab7bf9d368 | SUCCESS | gg
2025-06-15T23:46:39.695Z | Worker b75x4dql7wi | Task cd4acc6a-44cf-4fb0-a18b-f2200ba679d6 | SUCCESS | fff
2025-06-15T23:46:40.434Z | Worker 2sq343wmfgs | Task 46af6477-9778-48d0-ba2f-cb1426cfed1b | SUCCESS | greg
2025-06-15T23:46:40.708Z | Worker 7yxbbtxymo3 | Task 202487a0-1548-49fd-90a4-5a13a0211c61 | FAILURE | frefr
2025-06-15T23:46:40.936Z | Worker 2sq343wmfgs | Task fbb51ba0-aa71-46c5-87a9-4bca48615e4f | SUCCESS | gre
2025-06-15T23:46:42.325Z | Worker ywmpxtsu3vk | Task a631a217-70d8-4c03-b5a6-5664b27afe7f | SUCCESS | gre
2025-06-15T23:46:42.484Z | Worker 60nghu0fj1s | Task 91d4bc3a-a1af-494e-b319-ffe733a5cf81 | FAILURE | fre
2025-06-15T23:46:42.845Z | Worker 2sq343wmfgs | Task f274c10b-04ec-4118-bb94-5b61bf251255 | SUCCESS | fre
2025-06-15T23:46:43.039Z | Worker ywmpxtsu3vk | Task c5cdb73b-b6d5-421f-96f9-639805c1887e | SUCCESS | fre
2025-06-15T23:46:44.799Z | Worker 7yxbbtxymo3 | Task 3c5037e1-9e72-466c-a159-aee17b0ff9cf | SUCCESS | ggg
2025-06-15T23:46:45.539Z | Worker 7yxbbtxymo3 | Task 6bc90aec-93ef-47c6-9947-4147a499b373 | SUCCESS | rr
2025-06-15T23:46:47.901Z | Worker 7yxbbtxymo3 | Task 8a3c349c-c543-4819-9256-7e3c54576be5 | SUCCESS | gr
2025-06-15T23:46:48.506Z | Worker ywmpxtsu3vk | Task 37e4293a-5695-4c36-98c9-1608879a2f8e | SUCCESS | ger
2025-06-15T23:46:50.142Z | Worker iuu83st5so | Task a3fc895d-bd4e-4293-8dad-059b7e9af734 | SUCCESS | rfte
2025-06-15T23:46:50.739Z | Worker b75x4dql7wi | Task 33cfed74-fe83-435e-a2c7-e5a4c50fde2f | SUCCESS | gre
2025-06-15T23:46:50.978Z | Worker 2sq343wmfgs | Task 7ce34867-2ac9-4674-a23e-3aaa7f8481ce | SUCCESS | rfet
2025-06-15T23:46:53.228Z | Worker 60nghu0fj1s | Task 9fb76fca-f2b7-435f-9754-ce830932e8bc | SUCCESS | gre
2025-06-15T23:46:53.929Z | Worker 2sq343wmfgs | Task 4fe96e53-cd35-4bc7-86a9-53228ec63c99 | SUCCESS | rr
2025-06-15T23:46:54.572Z | Worker 7yxbbtxymo3 | Task 9ecbad2c-1a35-47df-a45a-a93d5fdbb15b | SUCCESS | grfe
2025-06-15T23:46:55.073Z | Worker 7yxbbtxymo3 | Task 9ef8e099-802e-454b-9701-a659a96f7c40 | SUCCESS | rr
2025-06-15T23:46:56.230Z | Worker 7yxbbtxymo3 | Task 1671f304-576a-4597-a283-de149f43bd88 | SUCCESS | ee
2025-06-15T23:46:58.692Z | Worker 7yxbbtxymo3 | Task d3db7ad4-f93f-47e4-b675-9c959f80e1f2 | SUCCESS | gr
2025-06-15T23:51:00.831Z | Worker bwbgkh8lix | Task b8b27acd-771d-4b30-9c48-c2dfbde90c06 | SUCCESS | gr
2025-06-15T23:51:01.228Z | Worker d75od03tpdg | Task 660b8e9a-c341-4486-a0a9-4902378fbfbd | FAILURE | grfr
2025-06-15T23:51:01.558Z | Worker hl3hg1jop77 | Task c9a991eb-b10f-4367-a543-066ae7765db2 | SUCCESS | fr
2025-06-15T23:51:02.160Z | Worker d75od03tpdg | Task b11d7023-ee8d-4093-a62d-bbb3db4814f4 | SUCCESS | dff
2025-06-15T23:51:03.562Z | Worker hl3hg1jop77 | Task 70fe1eb1-cfd8-4fd3-95fa-2118a4788adb | SUCCESS | dfd
2025-06-15T23:51:05.843Z | Worker bwbgkh8lix | Task 19c611d0-5bfe-442c-807f-780fa29f551f | SUCCESS | gr
2025-06-15T23:51:08.183Z | Worker d75od03tpdg | Task 5f86e163-90d4-4ee1-8711-9a6d42c37561 | SUCCESS | rrrrrr
2025-06-15T23:51:12.576Z | Worker d75od03tpdg | Task dadd2dcd-c550-4812-81ed-9441837f2630 | SUCCESS | fff
2025-06-15T23:51:14.083Z | Worker bwbgkh8lix | Task 7271e2ef-b486-4d71-baf0-a0bec149f9b0 | FAILURE | ddd
2025-06-15T23:51:14.376Z | Worker hl3hg1jop77 | Task f6e88dcd-bc70-4958-a871-18e11443d94a | SUCCESS | fewf
2025-06-15T23:51:15.132Z | Worker bwbgkh8lix | Task 330a2a45-f41b-41d6-b7f2-aad29cc8dc59 | SUCCESS | fre
2025-06-15T23:51:17.294Z | Worker d75od03tpdg | Task 7f688104-e86a-4d67-83de-556278604d43 | SUCCESS | gre
2025-06-15T23:51:19.139Z | Worker bwbgkh8lix | Task bffcff08-3151-4135-b109-408b85f595c9 | SUCCESS | jyu
2025-06-15T23:51:20.299Z | Worker y2hs7qdig09 | Task 2371e700-712d-457b-a189-fac55e17a379 | FAILURE | uyku
2025-06-15T23:51:21.023Z | Worker tfyjc48yczk | Task 7a84bd97-755e-4763-bee5-12a15ad53f95 | SUCCESS | oui
2025-06-15T23:51:21.228Z | Worker hl3hg1jop77 | Task cf2fef76-97a6-4d69-b662-5e04d6622182 | SUCCESS | oi
2025-06-15T23:51:23.027Z | Worker tfyjc48yczk | Task fe3a7aae-df9c-44a1-a321-afaa8c959a10 | SUCCESS | oikk
2025-06-15T23:51:23.231Z | Worker hl3hg1jop77 | Task 40d28a15-af39-4401-a080-9e4f0d75ab95 | SUCCESS | gf
2025-06-15T23:51:23.530Z | Worker tfyjc48yczk | Task 571fa4ce-e3dc-4531-b1b4-c5b7dbdd9b4b | SUCCESS | df
2025-06-15T23:51:25.341Z | Worker d75od03tpdg | Task 1855b090-fd88-4bb7-aac9-a34ca0782938 | SUCCESS | gdf
2025-06-15T23:51:25.809Z | Worker y2hs7qdig09 | Task 2d8e5e0e-a4c3-4ba0-9df5-e9dc797f43ef | SUCCESS | dh
2025-06-15T23:51:26.369Z | Worker d75od03tpdg | Task 4612fa6c-4e2b-4efb-85e4-5cf91bf6af32 | SUCCESS | gdrg
2025-06-15T23:51:27.801Z | Worker d75od03tpdg | Task 05e5591c-40e0-49cc-bb95-587f4ca89e57 | SUCCESS | ht
2025-06-15T23:51:28.005Z | Worker tfyjc48yczk | Task c5e54bca-cd7f-48eb-b3db-5c4504744aed | FAILURE | frds
2025-06-15T23:51:32.054Z | Worker d75od03tpdg | Task 9516e225-256f-40a7-80a5-b2d68096f38e | SUCCESS | htd
2025-06-15T23:54:42.447Z | Worker je2xhj8qjml | Task 3ec950b8-1f8d-4e96-a03b-617e93ac52ad | FAILURE | fwe
2025-06-15T23:54:43.861Z | Worker h7gzlxzl6rk | Task 417fac5e-1795-4d1f-a4f0-58be6fefc580 | FAILURE | cds
2025-06-15T23:54:44.799Z | Worker h8g449umgj8 | Task 78f47410-7d97-4299-8037-f9bca5dbd0f3 | FAILURE | grwd
2025-06-15T23:55:12.251Z | Worker je2xhj8qjml | Task 3db803d7-f342-44a8-b8d0-fca71e1c5597 | SUCCESS | few
2025-06-15T23:55:14.282Z | Worker h8g449umgj8 | Task 4ec1a164-4be0-44b0-a3a0-13d77389c4eb | SUCCESS | ger
2025-06-15T23:55:14.899Z | Worker je2xhj8qjml | Task cc774d4b-4d79-4239-9289-f80bfc307bd2 | SUCCESS | few
2025-06-15T23:55:15.350Z | Worker h7gzlxzl6rk | Task 397aa28b-c7e7-4075-849a-bdda72d4934a | SUCCESS | grd
2025-06-15T23:55:16.113Z | Worker je2xhj8qjml | Task 1fc49f0c-c39d-4eb8-82e5-196324ee5890 | SUCCESS | few
2025-06-15T23:55:18.116Z | Worker je2xhj8qjml | Task 26263bb6-d48b-4c79-bc6e-41ec6b9071bf | SUCCESS | gre
2025-06-15T23:55:18.924Z | Worker h8g449umgj8 | Task 52175281-057b-4efe-b855-f5f2233e1420 | SUCCESS | gre
2025-06-15T23:55:20.223Z | Worker h7gzlxzl6rk | Task 029a66a0-3372-41d1-8a46-9c0264960b57 | FAILURE | gre
2025-06-15T23:55:20.970Z | Worker 6l7cyakhk45 | Task 4c1d8d3d-6a6d-4167-956c-855f407f9d62 | FAILURE | er
2025-06-15T23:56:46.705Z | Worker 0mz40flj9x8c | Task b98fdcca-c081-489a-98a8-382664180ffb | SUCCESS | gre
2025-06-15T23:56:46.851Z | Worker k6ucecahivd | Task 2cd9021c-6313-46d9-bc01-f23348d10151 | FAILURE | few
2025-06-15T23:56:49.838Z | Worker k6ucecahivd | Task 972b0560-8f9d-41c4-aa75-8d9f5a4056c8 | SUCCESS | ggre
2025-06-15T23:56:53.590Z | Worker k6ucecahivd | Task b5e7e4b8-de1a-48d0-9bd7-2f74cbd18b4c | FAILURE | fre
2025-06-15T23:56:54.295Z | Worker 0mz40flj9x8c | Task 3bee4d25-01dc-46b1-96c4-8f4fc871268c | FAILURE | gre
2025-06-15T23:56:54.997Z | Worker ij7e5jfex | Task 2615bb86-d3f8-4528-ae95-a642e7931998 | FAILURE | gre
2025-06-15T23:56:55.797Z | Worker z950okneres | Task b6d20697-f7c6-45a1-9418-4d53a30f9138 | SUCCESS | fre
2025-06-15T23:56:56.541Z | Worker chn1cm6xa7o | Task ea97314c-06ee-46cf-b484-34048a425d87 | FAILURE | gre
2025-06-15T23:56:57.275Z | Worker k6ucecahivd | Task 295ab0f1-1a6a-464b-b052-4b28ac295571 | FAILURE | fer
2025-06-15T23:56:57.973Z | Worker 0mz40flj9x8c | Task c1328bbc-5c3e-45a7-812d-a061751a46e0 | SUCCESS | gre
2025-06-15T23:56:58.605Z | Worker ij7e5jfex | Task 4ba46ce0-423e-462f-b9c7-c938738b8579 | SUCCESS | ferf
2025-06-15T23:57:00.823Z | Worker chn1cm6xa7o | Task 8bda8479-1a19-418e-891c-7d6ea9b5186a | SUCCESS | fer
2025-06-15T23:57:00.905Z | Worker k6ucecahivd | Task 5547295c-e906-4082-b786-7cf8af9016b3 | FAILURE | fwe
2025-06-15T23:57:01.407Z | Worker k6ucecahivd | Task f56f8631-a601-4d68-b39f-cc12a0f32694 | SUCCESS | fwe
2025-06-15T23:57:02.268Z | Worker uoe6mby8y | Task 1f0994cc-4ab8-45a9-a1da-ee7cd8d2c549 | SUCCESS | re
2025-06-15T23:57:02.404Z | Worker ij7e5jfex | Task 6e7b02f0-51d2-47de-a178-f5ace424cdb3 | SUCCESS | ger
2025-06-15T23:57:02.976Z | Worker uoe6mby8y | Task 77becb5f-71f2-45e0-ac1a-24cd328488a8 | SUCCESS | gre
2025-06-15T23:57:03.099Z | Worker z950okneres | Task 02199d48-93ff-4835-8e07-bfb3c5731b4b | SUCCESS | gre
2025-06-15T23:57:03.611Z | Worker z950okneres | Task b2e69048-b2b2-4763-8789-3e602afed814 | SUCCESS | fre
2025-06-15T23:57:04.558Z | Worker mvy8zxzej7 | Task 7f672156-9996-4238-a941-191854b1e288 | FAILURE | gre
